DEBUG 2024-12-14 00:48:14,150 functional 44141 4299596160 
def start_firehose_ingestion(self):
    return 1

DEBUG 2024-12-14 00:48:14,151 functional 44141 4299596160 
def cleanup_old_events():
    return 1

DEBUG 2024-12-14 00:48:14,610 functional 44142 8327788608 
def chunks(task, it, n):
    return 1

DEBUG 2024-12-14 00:48:14,610 functional 44142 8327788608 
def unlock_chord(self, group_id, callback, interval=0, max_retries=1, result=2, Result=3, GroupResult=4, result_from_tuple=5, **kwargs):
    return 1

DEBUG 2024-12-14 00:48:14,610 functional 44142 8327788608 
def group(self, tasks, result, group_id, partial_args, add_to_parent=0):
    return 1

DEBUG 2024-12-14 00:48:14,611 functional 44142 8327788608 
def xmap(task, it):
    return 1

DEBUG 2024-12-14 00:48:14,611 functional 44142 8327788608 
def start_firehose_ingestion(self):
    return 1

DEBUG 2024-12-14 00:48:14,611 functional 44142 8327788608 
def backend_cleanup():
    return 1

DEBUG 2024-12-14 00:48:14,611 functional 44142 8327788608 
def chain(*args, **kwargs):
    return 1

DEBUG 2024-12-14 00:48:14,611 functional 44142 8327788608 
def xstarmap(task, it):
    return 1

DEBUG 2024-12-14 00:48:14,611 functional 44142 8327788608 
def accumulate(self, *args, **kwargs):
    return 1

DEBUG 2024-12-14 00:48:14,611 functional 44142 8327788608 
def cleanup_old_events():
    return 1

DEBUG 2024-12-14 00:48:14,612 functional 44142 8327788608 
def chord(self, header, body, partial_args=0, interval=1, countdown=2, max_retries=3, eager=4, **kwargs):
    return 1

DEBUG 2024-12-14 00:48:14,612 functional 44141 4299596160 
def xmap(task, it):
    return 1

DEBUG 2024-12-14 00:48:14,613 functional 44141 4299596160 
def backend_cleanup():
    return 1

DEBUG 2024-12-14 00:48:14,613 functional 44141 4299596160 
def chain(*args, **kwargs):
    return 1

DEBUG 2024-12-14 00:48:14,613 functional 44141 4299596160 
def xstarmap(task, it):
    return 1

DEBUG 2024-12-14 00:48:14,613 functional 44141 4299596160 
def accumulate(self, *args, **kwargs):
    return 1

DEBUG 2024-12-14 00:48:14,613 functional 44141 4299596160 
def cleanup_old_events():
    return 1

DEBUG 2024-12-14 00:48:14,613 functional 44141 4299596160 
def chord(self, header, body, partial_args=0, interval=1, countdown=2, max_retries=3, eager=4, **kwargs):
    return 1

DEBUG 2024-12-14 00:48:14,613 functional 44141 4299596160 
def chunks(task, it, n):
    return 1

DEBUG 2024-12-14 00:48:14,614 functional 44141 4299596160 
def unlock_chord(self, group_id, callback, interval=0, max_retries=1, result=2, Result=3, GroupResult=4, result_from_tuple=5, **kwargs):
    return 1

DEBUG 2024-12-14 00:48:14,614 functional 44141 4299596160 
def start_firehose_ingestion(self):
    return 1

DEBUG 2024-12-14 00:48:14,614 functional 44141 4299596160 
def group(self, tasks, result, group_id, partial_args, add_to_parent=0):
    return 1

